<?xml version="1.0" encoding="UTF-8"?>
<testsuite xmlns:xsi="http://www.w3.org/2001/XMLSchema-instance" xsi:noNamespaceSchemaLocation="https://maven.apache.org/surefire/maven-surefire-plugin/xsd/surefire-test-report.xsd" name="demoapp.ServiceTest" time="0.506" tests="2" errors="0" skipped="0" failures="1">
  <properties>
[...]
</properties>
  <testcase name="serviceSaludo" classname="demoapp.ServiceTest" time="0.067">
    <failure message="&#10;expected: &quot;Hola Juan&quot;&#10; but was: &quot;Hello Juan&quot;" type="org.opentest4j.AssertionFailedError">org.opentest4j.AssertionFailedError: 

expected: "Hola Juan"
 but was: "Hello Juan"
	at demoapp.ServiceTest.serviceSaludo(ServiceTest.java:22)
</failure>
    <system-out><![CDATA[2026-03-18 12:18:34.616  INFO 22156 --- [           main] .b.t.c.SpringBootTestContextBootstrapper : Neither @ContextConfiguration nor @ContextHierarchy found for test class [demoapp.ServiceTest], using SpringBootContextLoader
2026-03-18 12:18:34.618  INFO 22156 --- [           main] o.s.t.c.support.AbstractContextLoader    : Could not detect default resource locations for test class [demoapp.ServiceTest]: no resource found for suffixes {-context.xml, Context.groovy}.
2026-03-18 12:18:34.620  INFO 22156 --- [           main] t.c.s.AnnotationConfigContextLoaderUtils : Could not detect default configuration classes for test class [demoapp.ServiceTest]: ServiceTest does not declare any static, non-private, non-final, nested classes annotated with @Configuration.
2026-03-18 12:18:34.623  INFO 22156 --- [           main] .b.t.c.SpringBootTestContextBootstrapper : Found @SpringBootConfiguration demoapp.Application for test class demoapp.ServiceTest
2026-03-18 12:18:34.624  INFO 22156 --- [           main] .b.t.c.SpringBootTestContextBootstrapper : Loaded default TestExecutionListener class names from location [META-INF/spring.factories]: [org.springframework.boot.test.mock.mockito.MockitoTestExecutionListener, org.springframework.boot.test.mock.mockito.ResetMocksTestExecutionListener, org.springframework.boot.test.autoconfigure.restdocs.RestDocsTestExecutionListener, org.springframework.boot.test.autoconfigure.web.client.MockRestServiceServerResetTestExecutionListener, org.springframework.boot.test.autoconfigure.web.servlet.MockMvcPrintOnlyOnFailureTestExecutionListener, org.springframework.boot.test.autoconfigure.web.servlet.WebDriverTestExecutionListener, org.springframework.boot.test.autoconfigure.webservices.client.MockWebServiceServerTestExecutionListener, org.springframework.test.context.web.ServletTestExecutionListener, org.springframework.test.context.support.DirtiesContextBeforeModesTestExecutionListener, org.springframework.test.context.event.ApplicationEventsTestExecutionListener, org.springframework.test.context.support.DependencyInjectionTestExecutionListener, org.springframework.test.context.support.DirtiesContextTestExecutionListener, org.springframework.test.context.transaction.TransactionalTestExecutionListener, org.springframework.test.context.jdbc.SqlScriptsTestExecutionListener, org.springframework.test.context.event.EventPublishingTestExecutionListener]
2026-03-18 12:18:34.625  INFO 22156 --- [           main] .b.t.c.SpringBootTestContextBootstrapper : Using TestExecutionListeners: [org.springframework.test.context.web.ServletTestExecutionListener@8ac512e, org.springframework.test.context.support.DirtiesContextBeforeModesTestExecutionListener@4bbc21bd, org.springframework.test.context.event.ApplicationEventsTestExecutionListener@14e3d439, org.springframework.boot.test.mock.mockito.MockitoTestExecutionListener@d85b399, org.springframework.boot.test.autoconfigure.SpringBootDependencyInjectionTestExecutionListener@674aa626, org.springframework.test.context.support.DirtiesContextTestExecutionListener@4dd1d2bb, org.springframework.test.context.event.EventPublishingTestExecutionListener@47198524, org.springframework.boot.test.mock.mockito.ResetMocksTestExecutionListener@67a0ff25, org.springframework.boot.test.autoconfigure.restdocs.RestDocsTestExecutionListener@55e91e61, org.springframework.boot.test.autoconfigure.web.client.MockRestServiceServerResetTestExecutionListener@166e5a6d, org.springframework.boot.test.autoconfigure.web.servlet.MockMvcPrintOnlyOnFailureTestExecutionListener@1d55dd21, org.springframework.boot.test.autoconfigure.web.servlet.WebDriverTestExecutionListener@7d6c4079, org.springframework.boot.test.autoconfigure.webservices.client.MockWebServiceServerTestExecutionListener@606b53a3]

  .   ____          _            __ _ _
 /\\ / ___'_ __ _ _(_)_ __  __ _ \ \ \ \
( ( )\___ | '_ | '_| | '_ \/ _` | \ \ \ \
 \\/  ___)| |_)| | | | | || (_| |  ) ) ) )
  '  |____| .__|_| |_|_| |_\__, | / / / /
 =========|_|==============|___/=/_/_/_/
 :: Spring Boot ::               (v2.7.14)

2026-03-18 12:18:34.670  INFO 22156 --- [           main] demoapp.ServiceTest                      : Starting ServiceTest using Java 25 on Mishas_Asus with PID 22156 (started by mikek in C:\gitHub_D\springboot-1-umh\p1-springboot-hello-world-app)
2026-03-18 12:18:34.672  INFO 22156 --- [           main] demoapp.ServiceTest                      : No active profile set, falling back to 1 default profile: "default"
2026-03-18 12:18:35.060  INFO 22156 --- [           main] demoapp.ServiceTest                      : Started ServiceTest in 0.433 seconds (JVM running for 5.506)
]]></system-out>
  </testcase>
  <testcase name="contexLoads" classname="demoapp.ServiceTest" time="0.002"/>
</testsuite>